2008.09.27 06:51 B E:\installations\apache2triad\htdocs\rocco\siteadmin\images\arrow.gif --> ftp.infodeck.net /public_html/rocco/siteadmin/images arrow.gif
2008.09.27 06:51 B E:\installations\apache2triad\htdocs\rocco\siteadmin\images\arrow.jpg --> ftp.infodeck.net /public_html/rocco/siteadmin/images arrow.jpg
2008.09.27 06:51 B E:\installations\apache2triad\htdocs\rocco\siteadmin\images\b_edit.png --> ftp.infodeck.net /public_html/rocco/siteadmin/images b_edit.png
2008.09.27 06:51 B E:\installations\apache2triad\htdocs\rocco\siteadmin\images\bar.gif --> ftp.infodeck.net /public_html/rocco/siteadmin/images bar.gif
2008.09.27 06:51 B E:\installations\apache2triad\htdocs\rocco\siteadmin\images\blackdot.gif --> ftp.infodeck.net /public_html/rocco/siteadmin/images blackdot.gif
2008.09.27 06:51 B E:\installations\apache2triad\htdocs\rocco\siteadmin\images\blueBar.gif --> ftp.infodeck.net /public_html/rocco/siteadmin/images blueBar.gif
2008.09.27 06:52 B E:\installations\apache2triad\htdocs\rocco\siteadmin\images\blueBar.jpg --> ftp.infodeck.net /public_html/rocco/siteadmin/images blueBar.jpg
2008.09.27 06:52 B E:\installations\apache2triad\htdocs\rocco\siteadmin\images\bold.gif --> ftp.infodeck.net /public_html/rocco/siteadmin/images bold.gif
2008.09.27 06:52 B E:\installations\apache2triad\htdocs\rocco\siteadmin\images\btns.gif --> ftp.infodeck.net /public_html/rocco/siteadmin/images btns.gif
2008.09.27 06:52 B E:\installations\apache2triad\htdocs\rocco\siteadmin\images\centre.gif --> ftp.infodeck.net /public_html/rocco/siteadmin/images centre.gif
2008.09.27 06:52 B E:\installations\apache2triad\htdocs\rocco\siteadmin\images\copy.gif --> ftp.infodeck.net /public_html/rocco/siteadmin/images copy.gif
2008.09.27 06:52 B E:\installations\apache2triad\htdocs\rocco\siteadmin\images\customer.gif --> ftp.infodeck.net /public_html/rocco/siteadmin/images customer.gif
2008.09.27 06:52 B E:\installations\apache2triad\htdocs\rocco\siteadmin\images\cut.gif --> ftp.infodeck.net /public_html/rocco/siteadmin/images cut.gif
2008.09.27 06:52 B E:\installations\apache2triad\htdocs\rocco\siteadmin\images\decrease_font.gif --> ftp.infodeck.net /public_html/rocco/siteadmin/images decrease_font.gif
2008.09.27 06:52 B E:\installations\apache2triad\htdocs\rocco\siteadmin\images\email.gif --> ftp.infodeck.net /public_html/rocco/siteadmin/images email.gif
2008.09.27 06:52 B E:\installations\apache2triad\htdocs\rocco\siteadmin\images\export.gif --> ftp.infodeck.net /public_html/rocco/siteadmin/images export.gif
2008.09.27 06:52 B E:\installations\apache2triad\htdocs\rocco\siteadmin\images\first.gif --> ftp.infodeck.net /public_html/rocco/siteadmin/images first.gif
2008.09.27 06:52 B E:\installations\apache2triad\htdocs\rocco\siteadmin\images\graph.gif --> ftp.infodeck.net /public_html/rocco/siteadmin/images graph.gif
2008.09.27 06:52 B E:\installations\apache2triad\htdocs\rocco\siteadmin\images\guestbook.gif --> ftp.infodeck.net /public_html/rocco/siteadmin/images guestbook.gif
2008.09.27 06:52 B E:\installations\apache2triad\htdocs\rocco\siteadmin\images\hr.gif --> ftp.infodeck.net /public_html/rocco/siteadmin/images hr.gif
2008.09.27 06:52 B E:\installations\apache2triad\htdocs\rocco\siteadmin\images\hyperlink.gif --> ftp.infodeck.net /public_html/rocco/siteadmin/images hyperlink.gif
2008.09.27 06:52 B E:\installations\apache2triad\htdocs\rocco\siteadmin\images\image.gif --> ftp.infodeck.net /public_html/rocco/siteadmin/images image.gif
2008.09.27 06:52 B E:\installations\apache2triad\htdocs\rocco\siteadmin\images\increase_font.gif --> ftp.infodeck.net /public_html/rocco/siteadmin/images increase_font.gif
2008.09.27 06:52 B E:\installations\apache2triad\htdocs\rocco\siteadmin\images\indent.gif --> ftp.infodeck.net /public_html/rocco/siteadmin/images indent.gif
2008.09.27 06:52 B E:\installations\apache2triad\htdocs\rocco\siteadmin\images\index_03.jpg --> ftp.infodeck.net /public_html/rocco/siteadmin/images index_03.jpg
2008.09.27 06:52 B E:\installations\apache2triad\htdocs\rocco\siteadmin\images\index_05.jpg --> ftp.infodeck.net /public_html/rocco/siteadmin/images index_05.jpg
2008.09.27 06:52 B E:\installations\apache2triad\htdocs\rocco\siteadmin\images\index_48.jpg --> ftp.infodeck.net /public_html/rocco/siteadmin/images index_48.jpg
2008.09.27 06:52 B E:\installations\apache2triad\htdocs\rocco\siteadmin\images\insert_table.gif --> ftp.infodeck.net /public_html/rocco/siteadmin/images insert_table.gif
2008.09.27 06:52 B E:\installations\apache2triad\htdocs\rocco\siteadmin\images\italic.gif --> ftp.infodeck.net /public_html/rocco/siteadmin/images italic.gif
2008.09.27 06:52 B E:\installations\apache2triad\htdocs\rocco\siteadmin\images\justifyfull.gif --> ftp.infodeck.net /public_html/rocco/siteadmin/images justifyfull.gif
2008.09.27 06:52 B E:\installations\apache2triad\htdocs\rocco\siteadmin\images\last.gif --> ftp.infodeck.net /public_html/rocco/siteadmin/images last.gif
2008.09.27 06:52 B E:\installations\apache2triad\htdocs\rocco\siteadmin\images\left_just.gif --> ftp.infodeck.net /public_html/rocco/siteadmin/images left_just.gif
2008.09.27 06:52 B E:\installations\apache2triad\htdocs\rocco\siteadmin\images\list.gif --> ftp.infodeck.net /public_html/rocco/siteadmin/images list.gif
2008.09.27 06:52 B E:\installations\apache2triad\htdocs\rocco\siteadmin\images\logout.jpg --> ftp.infodeck.net /public_html/rocco/siteadmin/images logout.jpg
2008.09.27 06:52 B E:\installations\apache2triad\htdocs\rocco\siteadmin\images\mainsite.gif --> ftp.infodeck.net /public_html/rocco/siteadmin/images mainsite.gif
2008.09.27 06:52 B E:\installations\apache2triad\htdocs\rocco\siteadmin\images\nav_arrow_d.gif --> ftp.infodeck.net /public_html/rocco/siteadmin/images nav_arrow_d.gif
2008.09.27 06:52 B E:\installations\apache2triad\htdocs\rocco\siteadmin\images\next.gif --> ftp.infodeck.net /public_html/rocco/siteadmin/images next.gif
2008.09.27 06:52 B E:\installations\apache2triad\htdocs\rocco\siteadmin\images\numbered_list.gif --> ftp.infodeck.net /public_html/rocco/siteadmin/images numbered_list.gif
2008.09.27 06:53 B E:\installations\apache2triad\htdocs\rocco\siteadmin\images\outdent.gif --> ftp.infodeck.net /public_html/rocco/siteadmin/images outdent.gif
2008.09.27 06:53 B E:\installations\apache2triad\htdocs\rocco\siteadmin\images\paperIcon.gif --> ftp.infodeck.net /public_html/rocco/siteadmin/images paperIcon.gif
2008.09.27 06:53 B E:\installations\apache2triad\htdocs\rocco\siteadmin\images\paste.gif --> ftp.infodeck.net /public_html/rocco/siteadmin/images paste.gif
2008.09.27 06:53 B E:\installations\apache2triad\htdocs\rocco\siteadmin\images\pre.gif --> ftp.infodeck.net /public_html/rocco/siteadmin/images pre.gif
2008.09.27 06:53 B E:\installations\apache2triad\htdocs\rocco\siteadmin\images\redo.gif --> ftp.infodeck.net /public_html/rocco/siteadmin/images redo.gif
2008.09.27 06:53 B E:\installations\apache2triad\htdocs\rocco\siteadmin\images\removeformat.gif --> ftp.infodeck.net /public_html/rocco/siteadmin/images removeformat.gif
2008.09.27 06:53 B E:\installations\apache2triad\htdocs\rocco\siteadmin\images\right_just.gif --> ftp.infodeck.net /public_html/rocco/siteadmin/images right_just.gif
2008.09.27 06:53 B E:\installations\apache2triad\htdocs\rocco\siteadmin\images\search.gif --> ftp.infodeck.net /public_html/rocco/siteadmin/images search.gif
2008.09.27 06:53 B E:\installations\apache2triad\htdocs\rocco\siteadmin\images\smiley.gif --> ftp.infodeck.net /public_html/rocco/siteadmin/images smiley.gif
2008.09.27 06:53 B E:\installations\apache2triad\htdocs\rocco\siteadmin\images\spacer.gif --> ftp.infodeck.net /public_html/rocco/siteadmin/images spacer.gif
2008.09.27 06:53 B E:\installations\apache2triad\htdocs\rocco\siteadmin\images\special_chars.gif --> ftp.infodeck.net /public_html/rocco/siteadmin/images special_chars.gif
2008.09.27 06:53 B E:\installations\apache2triad\htdocs\rocco\siteadmin\images\spellcheck.gif --> ftp.infodeck.net /public_html/rocco/siteadmin/images spellcheck.gif
2008.09.27 06:53 B E:\installations\apache2triad\htdocs\rocco\siteadmin\images\strikethrough.gif --> ftp.infodeck.net /public_html/rocco/siteadmin/images strikethrough.gif
2008.09.27 06:53 B E:\installations\apache2triad\htdocs\rocco\siteadmin\images\subscript.gif --> ftp.infodeck.net /public_html/rocco/siteadmin/images subscript.gif
2008.09.27 06:53 B E:\installations\apache2triad\htdocs\rocco\siteadmin\images\superscript.gif --> ftp.infodeck.net /public_html/rocco/siteadmin/images superscript.gif
2008.09.27 06:53 B E:\installations\apache2triad\htdocs\rocco\siteadmin\images\textcolor.gif --> ftp.infodeck.net /public_html/rocco/siteadmin/images textcolor.gif
2008.09.27 06:53 B E:\installations\apache2triad\htdocs\rocco\siteadmin\images\Thumbs.db --> ftp.infodeck.net /public_html/rocco/siteadmin/images Thumbs.db
2008.09.27 06:53 B E:\installations\apache2triad\htdocs\rocco\siteadmin\images\underline.gif --> ftp.infodeck.net /public_html/rocco/siteadmin/images underline.gif
2008.09.27 06:53 B E:\installations\apache2triad\htdocs\rocco\siteadmin\images\undo.gif --> ftp.infodeck.net /public_html/rocco/siteadmin/images undo.gif
2008.09.27 06:53 B E:\installations\apache2triad\htdocs\rocco\siteadmin\images\unlink.gif --> ftp.infodeck.net /public_html/rocco/siteadmin/images unlink.gif
2009.04.01 15:29 B E:\installations\apache2triad\htdocs\sig\admin\images\arrow.gif --> www.infomist.com /sig/admin/images arrow.gif
2009.04.01 15:29 B E:\installations\apache2triad\htdocs\sig\admin\images\arrow.jpg --> www.infomist.com /sig/admin/images arrow.jpg
2009.04.01 15:29 B E:\installations\apache2triad\htdocs\sig\admin\images\b_edit.png --> www.infomist.com /sig/admin/images b_edit.png
2009.04.01 15:29 B E:\installations\apache2triad\htdocs\sig\admin\images\bar.gif --> www.infomist.com /sig/admin/images bar.gif
2009.04.01 15:29 B E:\installations\apache2triad\htdocs\sig\admin\images\blackdot.gif --> www.infomist.com /sig/admin/images blackdot.gif
2009.04.01 15:29 B E:\installations\apache2triad\htdocs\sig\admin\images\blueBar.gif --> www.infomist.com /sig/admin/images blueBar.gif
2009.04.01 15:29 B E:\installations\apache2triad\htdocs\sig\admin\images\blueBar.jpg --> www.infomist.com /sig/admin/images blueBar.jpg
2009.04.01 15:29 B E:\installations\apache2triad\htdocs\sig\admin\images\bold.gif --> www.infomist.com /sig/admin/images bold.gif
2009.04.01 15:29 B E:\installations\apache2triad\htdocs\sig\admin\images\btns.gif --> www.infomist.com /sig/admin/images btns.gif
2009.04.01 15:29 B E:\installations\apache2triad\htdocs\sig\admin\images\centre.gif --> www.infomist.com /sig/admin/images centre.gif
2009.04.01 15:29 B E:\installations\apache2triad\htdocs\sig\admin\images\copy.gif --> www.infomist.com /sig/admin/images copy.gif
2009.04.01 15:29 B E:\installations\apache2triad\htdocs\sig\admin\images\customer.gif --> www.infomist.com /sig/admin/images customer.gif
2009.04.01 15:29 B E:\installations\apache2triad\htdocs\sig\admin\images\cut.gif --> www.infomist.com /sig/admin/images cut.gif
2009.04.01 15:29 B E:\installations\apache2triad\htdocs\sig\admin\images\decrease_font.gif --> www.infomist.com /sig/admin/images decrease_font.gif
2009.04.01 15:29 B E:\installations\apache2triad\htdocs\sig\admin\images\email.gif --> www.infomist.com /sig/admin/images email.gif
2009.04.01 15:29 B E:\installations\apache2triad\htdocs\sig\admin\images\export.gif --> www.infomist.com /sig/admin/images export.gif
2009.04.01 15:29 B E:\installations\apache2triad\htdocs\sig\admin\images\first.gif --> www.infomist.com /sig/admin/images first.gif
2009.04.01 15:29 B E:\installations\apache2triad\htdocs\sig\admin\images\graph.gif --> www.infomist.com /sig/admin/images graph.gif
2009.04.01 15:30 B E:\installations\apache2triad\htdocs\sig\admin\images\guestbook.gif --> www.infomist.com /sig/admin/images guestbook.gif
2009.04.01 15:30 B E:\installations\apache2triad\htdocs\sig\admin\images\hr.gif --> www.infomist.com /sig/admin/images hr.gif
2009.04.01 15:30 B E:\installations\apache2triad\htdocs\sig\admin\images\hyperlink.gif --> www.infomist.com /sig/admin/images hyperlink.gif
2009.04.01 15:30 B E:\installations\apache2triad\htdocs\sig\admin\images\image.gif --> www.infomist.com /sig/admin/images image.gif
2009.04.01 15:30 B E:\installations\apache2triad\htdocs\sig\admin\images\increase_font.gif --> www.infomist.com /sig/admin/images increase_font.gif
2009.04.01 15:30 B E:\installations\apache2triad\htdocs\sig\admin\images\indent.gif --> www.infomist.com /sig/admin/images indent.gif
2009.04.01 15:30 B E:\installations\apache2triad\htdocs\sig\admin\images\index_03.jpg --> www.infomist.com /sig/admin/images index_03.jpg
2009.04.01 15:30 B E:\installations\apache2triad\htdocs\sig\admin\images\index_05.jpg --> www.infomist.com /sig/admin/images index_05.jpg
2009.04.01 15:30 B E:\installations\apache2triad\htdocs\sig\admin\images\index_48.jpg --> www.infomist.com /sig/admin/images index_48.jpg
2009.04.01 15:30 B E:\installations\apache2triad\htdocs\sig\admin\images\insert_table.gif --> www.infomist.com /sig/admin/images insert_table.gif
2009.04.01 15:30 B E:\installations\apache2triad\htdocs\sig\admin\images\italic.gif --> www.infomist.com /sig/admin/images italic.gif
2009.04.01 15:30 B E:\installations\apache2triad\htdocs\sig\admin\images\justifyfull.gif --> www.infomist.com /sig/admin/images justifyfull.gif
2009.04.01 15:30 B E:\installations\apache2triad\htdocs\sig\admin\images\last.gif --> www.infomist.com /sig/admin/images last.gif
2009.04.01 15:30 B E:\installations\apache2triad\htdocs\sig\admin\images\left_just.gif --> www.infomist.com /sig/admin/images left_just.gif
2009.04.01 15:30 B E:\installations\apache2triad\htdocs\sig\admin\images\list.gif --> www.infomist.com /sig/admin/images list.gif
2009.04.01 15:30 B E:\installations\apache2triad\htdocs\sig\admin\images\logout.jpg --> www.infomist.com /sig/admin/images logout.jpg
2009.04.01 15:30 B E:\installations\apache2triad\htdocs\sig\admin\images\mainsite.gif --> www.infomist.com /sig/admin/images mainsite.gif
2009.04.01 15:30 B E:\installations\apache2triad\htdocs\sig\admin\images\nav_arrow_d.gif --> www.infomist.com /sig/admin/images nav_arrow_d.gif
2009.04.01 15:30 B E:\installations\apache2triad\htdocs\sig\admin\images\next.gif --> www.infomist.com /sig/admin/images next.gif
2009.04.01 15:30 B E:\installations\apache2triad\htdocs\sig\admin\images\numbered_list.gif --> www.infomist.com /sig/admin/images numbered_list.gif
2009.04.01 15:30 B E:\installations\apache2triad\htdocs\sig\admin\images\outdent.gif --> www.infomist.com /sig/admin/images outdent.gif
2009.04.01 15:30 B E:\installations\apache2triad\htdocs\sig\admin\images\paperIcon.gif --> www.infomist.com /sig/admin/images paperIcon.gif
2009.04.01 15:30 B E:\installations\apache2triad\htdocs\sig\admin\images\paste.gif --> www.infomist.com /sig/admin/images paste.gif
2009.04.01 15:30 B E:\installations\apache2triad\htdocs\sig\admin\images\pre.gif --> www.infomist.com /sig/admin/images pre.gif
2009.04.01 15:30 B E:\installations\apache2triad\htdocs\sig\admin\images\redo.gif --> www.infomist.com /sig/admin/images redo.gif
2009.04.01 15:30 B E:\installations\apache2triad\htdocs\sig\admin\images\removeformat.gif --> www.infomist.com /sig/admin/images removeformat.gif
2009.04.01 15:30 B E:\installations\apache2triad\htdocs\sig\admin\images\right_just.gif --> www.infomist.com /sig/admin/images right_just.gif
2009.04.01 15:30 B E:\installations\apache2triad\htdocs\sig\admin\images\search.gif --> www.infomist.com /sig/admin/images search.gif
2009.04.01 15:30 B E:\installations\apache2triad\htdocs\sig\admin\images\smiley.gif --> www.infomist.com /sig/admin/images smiley.gif
2009.04.01 15:30 B E:\installations\apache2triad\htdocs\sig\admin\images\spacer.gif --> www.infomist.com /sig/admin/images spacer.gif
2009.04.01 15:30 B E:\installations\apache2triad\htdocs\sig\admin\images\special_chars.gif --> www.infomist.com /sig/admin/images special_chars.gif
2009.04.01 15:30 B E:\installations\apache2triad\htdocs\sig\admin\images\spellcheck.gif --> www.infomist.com /sig/admin/images spellcheck.gif
2009.04.01 15:30 B E:\installations\apache2triad\htdocs\sig\admin\images\strikethrough.gif --> www.infomist.com /sig/admin/images strikethrough.gif
2009.04.01 15:30 B E:\installations\apache2triad\htdocs\sig\admin\images\subscript.gif --> www.infomist.com /sig/admin/images subscript.gif
2009.04.01 15:30 B E:\installations\apache2triad\htdocs\sig\admin\images\superscript.gif --> www.infomist.com /sig/admin/images superscript.gif
2009.04.01 15:31 B E:\installations\apache2triad\htdocs\sig\admin\images\textcolor.gif --> www.infomist.com /sig/admin/images textcolor.gif
2009.04.01 15:32 B E:\installations\apache2triad\htdocs\sig\admin\images\Thumbs.db --> www.infomist.com /sig/admin/images Thumbs.db
